Arguments: 
  C:\Program Files\nodejs\node.exe C:\Users\phil0\AppData\Roaming\npm\node_modules\yarn\bin\yarn.js

PATH: 
  C:\Windows\system32;C:\Windows;C:\Windows\System32\Wbem;C:\Windows\System32\WindowsPowerShell\v1.0\;C:\Windows\System32\OpenSSH\;C:\Program Files\PuTTY\;C:\Program Files\Git\cmd;C:\Program Files\Microsoft\Web Platform Installer\;C:\Program Files\Microsoft Service Fabric\bin\Fabric\Fabric.Code;C:\Program Files\Microsoft SDKs\Service Fabric\Tools\ServiceFabricLocalClusterManager;C:\HashiCorp\Vagrant\bin;C:\php;C:\ProgramData\ComposerSetup\bin;C:\Program Files\nodejs\;C:\Users\phil0\AppData\Local\Microsoft\WindowsApps;;C:\Users\phil0\AppData\Local\Programs\Microsoft VS Code\bin;C:\Users\phil0\AppData\Roaming\Composer\vendor\bin;C:\Users\phil0\AppData\Roaming\npm

Yarn version: 
  1.22.10

Node version: 
  14.16.0

Platform: 
  win32 x64

Trace: 
  Error: https://registry.yarnpkg.com/date-fns/-/date-fns-2.20.3.tgz: ESOCKETTIMEDOUT
      at ClientRequest.<anonymous> (C:\Users\phil0\AppData\Roaming\npm\node_modules\yarn\lib\cli.js:141289:19)
      at Object.onceWrapper (events.js:421:28)
      at ClientRequest.emit (events.js:315:20)
      at TLSSocket.emitRequestTimeout (_http_client.js:784:9)
      at Object.onceWrapper (events.js:421:28)
      at TLSSocket.emit (events.js:327:22)
      at TLSSocket.Socket._onTimeout (net.js:483:8)
      at listOnTimeout (internal/timers.js:554:17)
      at processTimers (internal/timers.js:497:7)

npm manifest: 
  {
    "name": "digital-works-agency-gatsby",
    "description": "Digital Works Agency Gatsby",
    "version": "1.0.0",
    "author": "Phil Collins",
    "dependencies": {
      "bootstrap": "^4.4.1",
      "gatsby": "^2.13.41",
      "gatsby-awesome-pagination": "^0.3.4",
      "gatsby-image": "^2.2.8",
      "gatsby-plugin-google-analytics": "^2.3.13",
      "gatsby-plugin-manifest": "^2.2.4",
      "gatsby-plugin-netlify": "^2.1.11",
      "gatsby-plugin-offline": "^2.2.4",
      "gatsby-plugin-react-helmet": "^3.1.2",
      "gatsby-plugin-sass": "^2.1.3",
      "gatsby-plugin-sharp": "^2.2.11",
      "gatsby-plugin-typography": "^2.4.1",
      "gatsby-source-filesystem": "^2.1.8",
      "gatsby-source-wordpress": "^3.1.13",
      "gatsby-transformer-sharp": "^2.2.6",
      "lodash": "^4.17.15",
      "node-sass": "^4.12.0",
      "path": "^0.12.7",
      "react": "^16.8.6",
      "react-bootstrap": "^1.0.0-beta.17",
      "react-dom": "^16.8.6",
      "react-helmet": "^5.2.1",
      "react-instafeed": "^1.0.0",
      "react-twitter-embed": "^2.0.8",
      "react-typography": "^0.16.19",
      "reactstrap": "^8.0.1",
      "typography": "^0.16.19"
    },
    "keywords": [
      "gatsby"
    ],
    "license": "MIT",
    "scripts": {
      "build": "gatsby build",
      "develop": "gatsby develop",
      "format": "prettier --write '**/*.js'",
      "test": "echo \"Error: no test specified\" && exit 1"
    },
    "devDependencies": {
      "prettier": "^1.18.2"
    }
  }

yarn manifest: 
  No manifest

Lockfile: 
  No lockfile
